<?xml version="1.0" encoding="UTF-8"?>
<robot generator="Robot 6.1 (Python 3.12.13 on linux)" generated="20260430 14:58:36.445" rpa="false" schemaversion="4">
<suite id="s1" name="verify_uart" source="/app/test/verify_uart.robot">
<kw name="Setup" library="renode-keywords" type="SETUP">
<msg timestamp="20260430 14:58:36.538" level="TRACE">Arguments: [  ]</msg>
<kw name="Evaluate" library="BuiltIn">
<var>${SYSTEM}</var>
<arg>platform.system()</arg>
<arg>modules=platform</arg>
<doc>Evaluates the given expression in Python and returns the result.</doc>
<msg timestamp="20260430 14:58:36.539" level="TRACE">Arguments: [ 'platform.system()' | modules='platform' ]</msg>
<msg timestamp="20260430 14:58:36.539" level="TRACE">Return: 'Linux'</msg>
<msg timestamp="20260430 14:58:36.539" level="INFO">${SYSTEM} = Linux</msg>
<status status="PASS" starttime="20260430 14:58:36.539" endtime="20260430 14:58:36.539"/>
</kw>
<kw name="Set Variable If" library="BuiltIn">
<var>${CONFIGURATION}</var>
<arg>not ${SKIP_RUNNING_SERVER} and ${SERVER_REMOTE_DEBUG}</arg>
<arg>Debug</arg>
<arg>${CONFIGURATION}</arg>
<doc>Sets variable based on the given condition.</doc>
<msg timestamp="20260430 14:58:36.540" level="TRACE">Arguments: [ 'not True and False' | 'Debug' | '${CONFIGURATION}' ]</msg>
<msg timestamp="20260430 14:58:36.540" level="TRACE">Return: 'Release'</msg>
<msg timestamp="20260430 14:58:36.540" level="INFO">${CONFIGURATION} = Release</msg>
<status status="PASS" starttime="20260430 14:58:36.540" endtime="20260430 14:58:36.540"/>
</kw>
<kw name="Create List" library="BuiltIn">
<var>@{PARAMS}</var>
<arg>--robot-server-port</arg>
<arg>${PORT_NUMBER}</arg>
<arg>--hide-log</arg>
<doc>Returns a list containing given items.</doc>
<msg timestamp="20260430 14:58:36.541" level="TRACE">Arguments: [ '--robot-server-port' | '49152' | '--hide-log' ]</msg>
<msg timestamp="20260430 14:58:36.541" level="TRACE">Return: ['--robot-server-port', '49152', '--hide-log']</msg>
<msg timestamp="20260430 14:58:36.541" level="INFO">@{PARAMS} = [ --robot-server-port | 49152 | --hide-log ]</msg>
<status status="PASS" starttime="20260430 14:58:36.540" endtime="20260430 14:58:36.541"/>
</kw>
<if>
<branch type="IF" condition="${DISABLE_GUI}">
<kw name="Insert Into List" library="Collections">
<arg>${PARAMS}</arg>
<arg>0</arg>
<arg>--disable-gui</arg>
<doc>Inserts ``value`` into ``list`` to the position specified with ``index``.</doc>
<status status="NOT RUN" starttime="20260430 14:58:36.541" endtime="20260430 14:58:36.541"/>
</kw>
<status status="NOT RUN" starttime="20260430 14:58:36.541" endtime="20260430 14:58:36.541"/>
</branch>
<status status="PASS" starttime="20260430 14:58:36.541" endtime="20260430 14:58:36.541"/>
</if>
<if>
<branch type="IF" condition="not ${SKIP_RUNNING_SERVER}">
<kw name="File Should Exist" library="OperatingSystem">
<arg>${DIRECTORY}/${BINARY_NAME}</arg>
<arg>msg=Robot Framework remote server binary not found (${DIRECTORY}/${BINARY_NAME}). Did you forget to build it in ${CONFIGURATION} configuration?</arg>
<doc>Fails unless the given ``path`` points to an existing file.</doc>
<status status="NOT RUN" starttime="20260430 14:58:36.542" endtime="20260430 14:58:36.542"/>
</kw>
<status status="NOT RUN" starttime="20260430 14:58:36.542" endtime="20260430 14:58:36.542"/>
</branch>
<status status="PASS" starttime="20260430 14:58:36.541" endtime="20260430 14:58:36.542"/>
</if>
<if>
<branch type="IF" condition="not ${SKIP_RUNNING_SERVER} and not ${SERVER_REMOTE_DEBUG} and not '${SYSTEM}' == 'Windows' and not ${NET_PLATFORM}">
<kw name="Start Process" library="Process">
<arg>mono</arg>
<arg>${BINARY_NAME}</arg>
<arg>@{PARAMS}</arg>
<arg>cwd=${DIRECTORY}</arg>
<doc>Starts a new process on background.</doc>
<status status="NOT RUN" starttime="20260430 14:58:36.542" endtime="20260430 14:58:36.542"/>
</kw>
<status status="NOT RUN" starttime="20260430 14:58:36.542" endtime="20260430 14:58:36.542"/>
</branch>
<status status="PASS" starttime="20260430 14:58:36.542" endtime="20260430 14:58:36.542"/>
</if>
<if>
<branch type="IF" condition="not ${SKIP_RUNNING_SERVER} and not ${SERVER_REMOTE_DEBUG} and '${SYSTEM}' == 'Windows'">
<kw name="Start Process" library="Process">
<arg>${BINARY_NAME}</arg>
<arg>@{PARAMS}</arg>
<arg>cwd=${DIRECTORY}</arg>
<arg>shell=true</arg>
<doc>Starts a new process on background.</doc>
<status status="NOT RUN" starttime="20260430 14:58:36.543" endtime="20260430 14:58:36.543"/>
</kw>
<status status="NOT RUN" starttime="20260430 14:58:36.543" endtime="20260430 14:58:36.543"/>
</branch>
<status status="PASS" starttime="20260430 14:58:36.543" endtime="20260430 14:58:36.543"/>
</if>
<if>
<branch type="IF" condition="not ${SKIP_RUNNING_SERVER} and not ${SERVER_REMOTE_DEBUG} and ${NET_PLATFORM}">
<kw name="Start Process" library="Process">
<arg>dotnet ${BINARY_NAME}</arg>
<arg>@{PARAMS}</arg>
<arg>cwd=${DIRECTORY}</arg>
<arg>shell=true</arg>
<doc>Starts a new process on background.</doc>
<status status="NOT RUN" starttime="20260430 14:58:36.543" endtime="20260430 14:58:36.543"/>
</kw>
<status status="NOT RUN" starttime="20260430 14:58:36.543" endtime="20260430 14:58:36.543"/>
</branch>
<status status="PASS" starttime="20260430 14:58:36.543" endtime="20260430 14:58:36.543"/>
</if>
<if>
<branch type="IF" condition="not ${SKIP_RUNNING_SERVER} and ${SERVER_REMOTE_DEBUG} and not '${SYSTEM}' == 'Windows' and not ${NET_PLATFORM}">
<kw name="Start Process" library="Process">
<arg>mono</arg>
<arg>--debug</arg>
<arg>--debugger-agent\=transport\=dt_socket,address\=0.0.0.0:${SERVER_REMOTE_PORT},server\=y,suspend\=${SERVER_REMOTE_SUSPEND}</arg>
<arg>${BINARY_NAME}</arg>
<arg>@{PARAMS}</arg>
<arg>cwd=${DIRECTORY}</arg>
<doc>Starts a new process on background.</doc>
<status status="NOT RUN" starttime="20260430 14:58:36.544" endtime="20260430 14:58:36.544"/>
</kw>
<status status="NOT RUN" starttime="20260430 14:58:36.543" endtime="20260430 14:58:36.544"/>
</branch>
<status status="PASS" starttime="20260430 14:58:36.543" endtime="20260430 14:58:36.544"/>
</if>
<if>
<branch type="IF" condition="not ${SKIP_RUNNING_SERVER} and ${SERVER_REMOTE_DEBUG} and '${SYSTEM}' == 'Windows'">
<kw name="Fatal Error" library="BuiltIn">
<arg>Windows doesn't support server remote debug option.</arg>
<doc>Stops the whole test execution.</doc>
<status status="NOT RUN" starttime="20260430 14:58:36.544" endtime="20260430 14:58:36.544"/>
</kw>
<status status="NOT RUN" starttime="20260430 14:58:36.544" endtime="20260430 14:58:36.544"/>
</branch>
<status status="PASS" starttime="20260430 14:58:36.544" endtime="20260430 14:58:36.544"/>
</if>
<if>
<branch type="IF" condition="not '${SYSTEM}' == 'Windows'">
<kw name="Wait Until Keyword Succeeds" library="BuiltIn">
<arg>60s</arg>
<arg>1s</arg>
<arg>Import Library</arg>
<arg>Remote</arg>
<arg>http://127.0.0.1:${PORT_NUMBER}/</arg>
<doc>Runs the specified keyword and retries if it fails.</doc>
<msg timestamp="20260430 14:58:36.545" level="TRACE">Arguments: [ '60s' | '1s' | 'Import Library' | 'Remote' | 'http://127.0.0.1:${PORT_NUMBER}/' ]</msg>
<kw name="Import Library" library="BuiltIn">
<arg>Remote</arg>
<arg>http://127.0.0.1:${PORT_NUMBER}/</arg>
<doc>Imports a library with the given name and optional arguments.</doc>
<msg timestamp="20260430 14:58:36.545" level="TRACE">Arguments: [ 'Remote' | 'http://127.0.0.1:${PORT_NUMBER}/' ]</msg>
<msg timestamp="20260430 14:58:37.422" level="TRACE">Return: None</msg>
<status status="PASS" starttime="20260430 14:58:36.545" endtime="20260430 14:58:37.422"/>
</kw>
<msg timestamp="20260430 14:58:37.422" level="TRACE">Return: None</msg>
<status status="PASS" starttime="20260430 14:58:36.545" endtime="20260430 14:58:37.422"/>
</kw>
<status status="PASS" starttime="20260430 14:58:36.545" endtime="20260430 14:58:37.422"/>
</branch>
<status status="PASS" starttime="20260430 14:58:36.544" endtime="20260430 14:58:37.422"/>
</if>
<if>
<branch type="IF" condition="'${SYSTEM}' == 'Windows'">
<kw name="Wait Until Keyword Succeeds" library="BuiltIn">
<arg>60s</arg>
<arg>1s</arg>
<arg>Import Library</arg>
<arg>Remote</arg>
<arg>http://localhost:${PORT_NUMBER}/</arg>
<doc>Runs the specified keyword and retries if it fails.</doc>
<status status="NOT RUN" starttime="20260430 14:58:37.423" endtime="20260430 14:58:37.423"/>