<?xml version="1.0" encoding="UTF-8"?>
<robot generator="Robot 7.4.2 (Python 3.12.13 on linux)" generated="2026-07-10T21:35:21.337911" rpa="false" schemaversion="5">
<suite id="s1" name="bemf_loop" source="/app/test/bemf_loop.robot">
<kw name="Setup" owner="renode-keywords" type="SETUP">
<msg time="2026-07-10T21:35:21.462406" level="TRACE">Arguments: [  ]</msg>
<kw name="Evaluate" owner="BuiltIn">
<msg time="2026-07-10T21:35:21.463998" level="TRACE">Arguments: [ 'platform.system()' | modules='platform' ]</msg>
<msg time="2026-07-10T21:35:21.464266" level="TRACE">Return: 'Linux'</msg>
<msg time="2026-07-10T21:35:21.464393" level="INFO">${SYSTEM} = Linux</msg>
<var>${SYSTEM}</var>
<arg>platform.system()</arg>
<arg>modules=platform</arg>
<doc>Evaluates the given expression in Python and returns the result.</doc>
<status status="PASS" start="2026-07-10T21:35:21.463201" elapsed="0.001229"/>
</kw>
<kw name="Set Variable If" owner="BuiltIn">
<msg time="2026-07-10T21:35:21.465142" level="TRACE">Arguments: [ 'not True and False' | 'Debug' | '${CONFIGURATION}' ]</msg>
<msg time="2026-07-10T21:35:21.465354" level="TRACE">Return: 'Release'</msg>
<msg time="2026-07-10T21:35:21.465451" level="INFO">${CONFIGURATION} = Release</msg>
<var>${CONFIGURATION}</var>
<arg>not ${SKIP_RUNNING_SERVER} and ${SERVER_REMOTE_DEBUG}</arg>
<arg>Debug</arg>
<arg>${CONFIGURATION}</arg>
<doc>Sets variable based on the given condition.</doc>
<status status="PASS" start="2026-07-10T21:35:21.464692" elapsed="0.000793"/>
</kw>
<kw name="Create List" owner="BuiltIn">
<msg time="2026-07-10T21:35:21.466029" level="TRACE">Arguments: [ '--robot-server-port' | '49152' | '--hide-log' ]</msg>
<msg time="2026-07-10T21:35:21.466134" level="TRACE">Return: ['--robot-server-port', '49152', '--hide-log']</msg>
<msg time="2026-07-10T21:35:21.466259" level="INFO">@{PARAMS} = [ --robot-server-port | 49152 | --hide-log ]</msg>
<var>@{PARAMS}</var>
<arg>--robot-server-port</arg>
<arg>${PORT_NUMBER}</arg>
<arg>--hide-log</arg>
<doc>Returns a list containing given items.</doc>
<status status="PASS" start="2026-07-10T21:35:21.465699" elapsed="0.000593"/>
</kw>
<if>
<branch type="IF" condition="${DISABLE_GUI}">
<kw name="Insert Into List" owner="Collections">
<arg>${PARAMS}</arg>
<arg>0</arg>
<arg>--disable-gui</arg>
<doc>Inserts ``value`` into ``list`` to the position specified with ``index``.</doc>
<status status="NOT RUN" start="2026-07-10T21:35:21.466728" elapsed="0.000031"/>
</kw>
<status status="NOT RUN" start="2026-07-10T21:35:21.466445" elapsed="0.000368"/>
</branch>
<status status="PASS" start="2026-07-10T21:35:21.466399" elapsed="0.000455"/>
</if>
<if>
<branch type="IF" condition="not ${SKIP_RUNNING_SERVER}">
<kw name="File Should Exist" owner="OperatingSystem">
<arg>${DIRECTORY}/${BINARY_NAME}</arg>
<arg>msg=Robot Framework remote server binary not found (${DIRECTORY}/${BINARY_NAME}). Did you forget to build it in ${CONFIGURATION} configuration?</arg>
<doc>Fails unless the given ``path`` points to an existing file.</doc>
<status status="NOT RUN" start="2026-07-10T21:35:21.467180" elapsed="0.000026"/>
</kw>
<status status="NOT RUN" start="2026-07-10T21:35:21.466955" elapsed="0.000297"/>
</branch>
<status status="PASS" start="2026-07-10T21:35:21.466918" elapsed="0.000365"/>
</if>
<if>
<branch type="IF" condition="not ${SKIP_RUNNING_SERVER} and not ${SERVER_REMOTE_DEBUG} and not '${SYSTEM}' == 'Windows' and not ${NET_PLATFORM}">
<kw name="Start Process" owner="Process">
<arg>mono</arg>
<arg>${BINARY_NAME}</arg>
<arg>@{PARAMS}</arg>
<arg>cwd=${DIRECTORY}</arg>
<doc>Starts a new process on background.</doc>
<status status="NOT RUN" start="2026-07-10T21:35:21.467870" elapsed="0.000030"/>
</kw>
<status status="NOT RUN" start="2026-07-10T21:35:21.467355" elapsed="0.000608"/>
</branch>
<status status="PASS" start="2026-07-10T21:35:21.467334" elapsed="0.000664"/>
</if>
<if>
<branch type="IF" condition="not ${SKIP_RUNNING_SERVER} and not ${SERVER_REMOTE_DEBUG} and '${SYSTEM}' == 'Windows'">
<kw name="Start Process" owner="Process">
<arg>${BINARY_NAME}</arg>
<arg>@{PARAMS}</arg>
<arg>cwd=${DIRECTORY}</arg>
<arg>shell=true</arg>
<doc>Starts a new process on background.</doc>
<status status="NOT RUN" start="2026-07-10T21:35:21.468373" elapsed="0.000026"/>
</kw>
<status status="NOT RUN" start="2026-07-10T21:35:21.468076" elapsed="0.000375"/>
</branch>
<status status="PASS" start="2026-07-10T21:35:21.468055" elapsed="0.000426"/>
</if>
<if>
<branch type="IF" condition="not ${SKIP_RUNNING_SERVER} and not ${SERVER_REMOTE_DEBUG} and ${NET_PLATFORM}">
<kw name="Start Process" owner="Process">
<arg>dotnet ${BINARY_NAME}</arg>
<arg>@{PARAMS}</arg>
<arg>cwd=${DIRECTORY}</arg>
<arg>shell=true</arg>
<doc>Starts a new process on background.</doc>
<status status="NOT RUN" start="2026-07-10T21:35:21.468894" elapsed="0.000027"/>
</kw>
<status status="NOT RUN" start="2026-07-10T21:35:21.468551" elapsed="0.000430"/>
</branch>
<status status="PASS" start="2026-07-10T21:35:21.468531" elapsed="0.000480"/>
</if>
<if>
<branch type="IF" condition="not ${SKIP_RUNNING_SERVER} and ${SERVER_REMOTE_DEBUG} and not '${SYSTEM}' == 'Windows' and not ${NET_PLATFORM}">
<kw name="Start Process" owner="Process">
<arg>mono</arg>
<arg>--debug</arg>
<arg>--debugger-agent\=transport\=dt_socket,address\=0.0.0.0:${SERVER_REMOTE_PORT},server\=y,suspend\=${SERVER_REMOTE_SUSPEND}</arg>
<arg>${BINARY_NAME}</arg>
<arg>@{PARAMS}</arg>
<arg>cwd=${DIRECTORY}</arg>
<doc>Starts a new process on background.</doc>
<status status="NOT RUN" start="2026-07-10T21:35:21.469407" elapsed="0.000028"/>
</kw>
<status status="NOT RUN" start="2026-07-10T21:35:21.469091" elapsed="0.000399"/>
</branch>
<status status="PASS" start="2026-07-10T21:35:21.469063" elapsed="0.000456"/>
</if>
<if>
<branch type="IF" condition="not ${SKIP_RUNNING_SERVER} and ${SERVER_REMOTE_DEBUG} and '${SYSTEM}' == 'Windows'">
<kw name="Fatal Error" owner="BuiltIn">
<arg>Windows doesn't support server remote debug option.</arg>
<doc>Stops the whole test execution.</doc>
<status status="NOT RUN" start="2026-07-10T21:35:21.469957" elapsed="0.000029"/>
</kw>
<status status="NOT RUN" start="2026-07-10T21:35:21.469632" elapsed="0.000402"/>
</branch>
<status status="PASS" start="2026-07-10T21:35:21.469570" elapsed="0.000495"/>
</if>
<if>
<branch type="IF" condition="not '${SYSTEM}' == 'Windows'">
<kw name="Wait Until Keyword Succeeds" owner="BuiltIn">
<msg time="2026-07-10T21:35:21.470786" level="TRACE">Arguments: [ '60s' | '1s' | 'Import Library' | 'Remote' | 'http://127.0.0.1:${PORT_NUMBER}/' ]</msg>
<kw name="Import Library" owner="BuiltIn">
<msg time="2026-07-10T21:35:21.471380" level="TRACE">Arguments: [ 'Remote' | 'http://127.0.0.1:${PORT_NUMBER}/' ]</msg>
<msg time="2026-07-10T21:35:21.837448" level="TRACE">Return: None</msg>
<arg>Remote</arg>
<arg>http://127.0.0.1:${PORT_NUMBER}/</arg>
<doc>Imports a library with the given name and optional arguments.</doc>
<status status="PASS" start="2026-07-10T21:35:21.471136" elapsed="0.366443"/>
</kw>
<msg time="2026-07-10T21:35:21.837679" level="TRACE">Return: None</msg>
<arg>60s</arg>
<arg>1s</arg>
<arg>Import Library</arg>
<arg>Remote</arg>
<arg>http://127.0.0.1:${PORT_NUMBER}/</arg>
<doc>Runs the specified keyword and retries if it fails.</doc>
<status status="PASS" start="2026-07-10T21:35:21.470374" elapsed="0.367370"/>
</kw>
<status status="PASS" start="2026-07-10T21:35:21.470138" elapsed="0.367662"/>
</branch>
<status status="PASS" start="2026-07-10T21:35:21.470118" elapsed="0.367748"/>
</if>
<if>
<branch type="IF" condition="'${SYSTEM}' == 'Windows'">
<kw name="Wait Until Keyword Succeeds" owner="BuiltIn">
<arg>60s</arg>
<arg>1s</arg>
<arg>Import Library</arg>
<arg>Remote</arg>
<arg>http://localhost:${PORT_NUMBER}/</arg>
<doc>Runs the specified keyword and retries if it fails.</doc>
<status status="NOT RUN" start="2026-07-10T21:35:21.838504" elapsed="0.000080"/>
</kw>
<status status="NOT RUN" start="2026-07-10T21:35:21.837983" elapsed="0.000686"/>
</branch>
<status status="PASS" start="2026-07-10T21:35:21.837950" elapsed="0.000770"/>
</if>
<kw name="Setup Renode" owner="renode-keywords">
<msg time="2026-07-10T21:35:21.839247" level="TRACE">Arguments: [  ]