<?xml version="1.0" encoding="UTF-8"?>
<robot generator="Robot 6.1 (Python 3.12.13 on linux)" generated="20260515 16:48:38.327" rpa="false" schemaversion="4">
<suite id="s1" name="motor_pid_encoder" source="/app/test/motor_pid_encoder.robot">
<kw name="Setup" library="renode-keywords" type="SETUP">
<msg timestamp="20260515 16:48:38.422" level="TRACE">Arguments: [  ]</msg>
<kw name="Evaluate" library="BuiltIn">
<var>${SYSTEM}</var>
<arg>platform.system()</arg>
<arg>modules=platform</arg>
<doc>Evaluates the given expression in Python and returns the result.</doc>
<msg timestamp="20260515 16:48:38.422" level="TRACE">Arguments: [ 'platform.system()' | modules='platform' ]</msg>
<msg timestamp="20260515 16:48:38.423" level="TRACE">Return: 'Linux'</msg>
<msg timestamp="20260515 16:48:38.423" level="INFO">${SYSTEM} = Linux</msg>
<status status="PASS" starttime="20260515 16:48:38.422" endtime="20260515 16:48:38.423"/>
</kw>
<kw name="Set Variable If" library="BuiltIn">
<var>${CONFIGURATION}</var>
<arg>not ${SKIP_RUNNING_SERVER} and ${SERVER_REMOTE_DEBUG}</arg>
<arg>Debug</arg>
<arg>${CONFIGURATION}</arg>
<doc>Sets variable based on the given condition.</doc>
<msg timestamp="20260515 16:48:38.423" level="TRACE">Arguments: [ 'not True and False' | 'Debug' | '${CONFIGURATION}' ]</msg>
<msg timestamp="20260515 16:48:38.423" level="TRACE">Return: 'Release'</msg>
<msg timestamp="20260515 16:48:38.424" level="INFO">${CONFIGURATION} = Release</msg>
<status status="PASS" starttime="20260515 16:48:38.423" endtime="20260515 16:48:38.424"/>
</kw>
<kw name="Create List" library="BuiltIn">
<var>@{PARAMS}</var>
<arg>--robot-server-port</arg>
<arg>${PORT_NUMBER}</arg>
<arg>--hide-log</arg>
<doc>Returns a list containing given items.</doc>
<msg timestamp="20260515 16:48:38.424" level="TRACE">Arguments: [ '--robot-server-port' | '49152' | '--hide-log' ]</msg>
<msg timestamp="20260515 16:48:38.424" level="TRACE">Return: ['--robot-server-port', '49152', '--hide-log']</msg>
<msg timestamp="20260515 16:48:38.424" level="INFO">@{PARAMS} = [ --robot-server-port | 49152 | --hide-log ]</msg>
<status status="PASS" starttime="20260515 16:48:38.424" endtime="20260515 16:48:38.424"/>
</kw>
<if>
<branch type="IF" condition="${DISABLE_GUI}">
<kw name="Insert Into List" library="Collections">
<arg>${PARAMS}</arg>
<arg>0</arg>
<arg>--disable-gui</arg>
<doc>Inserts ``value`` into ``list`` to the position specified with ``index``.</doc>
<status status="NOT RUN" starttime="20260515 16:48:38.424" endtime="20260515 16:48:38.424"/>
</kw>
<status status="NOT RUN" starttime="20260515 16:48:38.424" endtime="20260515 16:48:38.425"/>
</branch>
<status status="PASS" starttime="20260515 16:48:38.424" endtime="20260515 16:48:38.425"/>
</if>
<if>
<branch type="IF" condition="not ${SKIP_RUNNING_SERVER}">
<kw name="File Should Exist" library="OperatingSystem">
<arg>${DIRECTORY}/${BINARY_NAME}</arg>
<arg>msg=Robot Framework remote server binary not found (${DIRECTORY}/${BINARY_NAME}). Did you forget to build it in ${CONFIGURATION} configuration?</arg>
<doc>Fails unless the given ``path`` points to an existing file.</doc>
<status status="NOT RUN" starttime="20260515 16:48:38.425" endtime="20260515 16:48:38.425"/>
</kw>
<status status="NOT RUN" starttime="20260515 16:48:38.425" endtime="20260515 16:48:38.425"/>
</branch>
<status status="PASS" starttime="20260515 16:48:38.425" endtime="20260515 16:48:38.425"/>
</if>
<if>
<branch type="IF" condition="not ${SKIP_RUNNING_SERVER} and not ${SERVER_REMOTE_DEBUG} and not '${SYSTEM}' == 'Windows' and not ${NET_PLATFORM}">
<kw name="Start Process" library="Process">
<arg>mono</arg>
<arg>${BINARY_NAME}</arg>
<arg>@{PARAMS}</arg>
<arg>cwd=${DIRECTORY}</arg>
<doc>Starts a new process on background.</doc>
<status status="NOT RUN" starttime="20260515 16:48:38.426" endtime="20260515 16:48:38.426"/>
</kw>
<status status="NOT RUN" starttime="20260515 16:48:38.425" endtime="20260515 16:48:38.426"/>
</branch>
<status status="PASS" starttime="20260515 16:48:38.425" endtime="20260515 16:48:38.426"/>
</if>
<if>
<branch type="IF" condition="not ${SKIP_RUNNING_SERVER} and not ${SERVER_REMOTE_DEBUG} and '${SYSTEM}' == 'Windows'">
<kw name="Start Process" library="Process">
<arg>${BINARY_NAME}</arg>
<arg>@{PARAMS}</arg>
<arg>cwd=${DIRECTORY}</arg>
<arg>shell=true</arg>
<doc>Starts a new process on background.</doc>
<status status="NOT RUN" starttime="20260515 16:48:38.427" endtime="20260515 16:48:38.427"/>
</kw>
<status status="NOT RUN" starttime="20260515 16:48:38.426" endtime="20260515 16:48:38.427"/>
</branch>
<status status="PASS" starttime="20260515 16:48:38.426" endtime="20260515 16:48:38.427"/>
</if>
<if>
<branch type="IF" condition="not ${SKIP_RUNNING_SERVER} and not ${SERVER_REMOTE_DEBUG} and ${NET_PLATFORM}">
<kw name="Start Process" library="Process">
<arg>dotnet ${BINARY_NAME}</arg>
<arg>@{PARAMS}</arg>
<arg>cwd=${DIRECTORY}</arg>
<arg>shell=true</arg>
<doc>Starts a new process on background.</doc>
<status status="NOT RUN" starttime="20260515 16:48:38.428" endtime="20260515 16:48:38.428"/>
</kw>
<status status="NOT RUN" starttime="20260515 16:48:38.427" endtime="20260515 16:48:38.428"/>
</branch>
<status status="PASS" starttime="20260515 16:48:38.427" endtime="20260515 16:48:38.428"/>
</if>
<if>
<branch type="IF" condition="not ${SKIP_RUNNING_SERVER} and ${SERVER_REMOTE_DEBUG} and not '${SYSTEM}' == 'Windows' and not ${NET_PLATFORM}">
<kw name="Start Process" library="Process">
<arg>mono</arg>
<arg>--debug</arg>
<arg>--debugger-agent\=transport\=dt_socket,address\=0.0.0.0:${SERVER_REMOTE_PORT},server\=y,suspend\=${SERVER_REMOTE_SUSPEND}</arg>
<arg>${BINARY_NAME}</arg>
<arg>@{PARAMS}</arg>
<arg>cwd=${DIRECTORY}</arg>
<doc>Starts a new process on background.</doc>
<status status="NOT RUN" starttime="20260515 16:48:38.428" endtime="20260515 16:48:38.429"/>
</kw>
<status status="NOT RUN" starttime="20260515 16:48:38.428" endtime="20260515 16:48:38.429"/>
</branch>
<status status="PASS" starttime="20260515 16:48:38.428" endtime="20260515 16:48:38.429"/>
</if>
<if>
<branch type="IF" condition="not ${SKIP_RUNNING_SERVER} and ${SERVER_REMOTE_DEBUG} and '${SYSTEM}' == 'Windows'">
<kw name="Fatal Error" library="BuiltIn">
<arg>Windows doesn't support server remote debug option.</arg>
<doc>Stops the whole test execution.</doc>
<status status="NOT RUN" starttime="20260515 16:48:38.429" endtime="20260515 16:48:38.429"/>
</kw>
<status status="NOT RUN" starttime="20260515 16:48:38.429" endtime="20260515 16:48:38.430"/>
</branch>
<status status="PASS" starttime="20260515 16:48:38.429" endtime="20260515 16:48:38.430"/>
</if>
<if>
<branch type="IF" condition="not '${SYSTEM}' == 'Windows'">
<kw name="Wait Until Keyword Succeeds" library="BuiltIn">
<arg>60s</arg>
<arg>1s</arg>
<arg>Import Library</arg>
<arg>Remote</arg>
<arg>http://127.0.0.1:${PORT_NUMBER}/</arg>
<doc>Runs the specified keyword and retries if it fails.</doc>
<msg timestamp="20260515 16:48:38.430" level="TRACE">Arguments: [ '60s' | '1s' | 'Import Library' | 'Remote' | 'http://127.0.0.1:${PORT_NUMBER}/' ]</msg>
<kw name="Import Library" library="BuiltIn">
<arg>Remote</arg>
<arg>http://127.0.0.1:${PORT_NUMBER}/</arg>
<doc>Imports a library with the given name and optional arguments.</doc>
<msg timestamp="20260515 16:48:38.431" level="TRACE">Arguments: [ 'Remote' | 'http://127.0.0.1:${PORT_NUMBER}/' ]</msg>
<msg timestamp="20260515 16:48:38.895" level="TRACE">Return: None</msg>
<status status="PASS" starttime="20260515 16:48:38.430" endtime="20260515 16:48:38.895"/>
</kw>
<msg timestamp="20260515 16:48:38.895" level="TRACE">Return: None</msg>
<status status="PASS" starttime="20260515 16:48:38.430" endtime="20260515 16:48:38.895"/>
</kw>
<status status="PASS" starttime="20260515 16:48:38.430" endtime="20260515 16:48:38.895"/>
</branch>
<status status="PASS" starttime="20260515 16:48:38.430" endtime="20260515 16:48:38.895"/>
</if>
<if>
<branch type="IF" condition="'${SYSTEM}' == 'Windows'">
<kw name="Wait Until Keyword Succeeds" library="BuiltIn">
<arg>60s</arg>
<arg>1s</arg>
<arg>Import Library</arg>
<arg>Remote</arg>
<arg>http://localhost:${PORT_NUMBER}/</arg>
<doc>Runs the specified keyword and retries if it fails.</doc>
<status status="NOT RUN" starttime="20260515 16:48:38.896" endtime="20260515 16:48:38.896"/>
</kw>
<status status="NOT RUN" starttime="20260515 16:48:38.895" endtime="20260515 16:48:38.896"/>
</branch>
<status status="PASS" starttime="20260515 16:48:38.895" endtime="20260515 16:48:38.896"/>
</if>
<kw name="Setup Renode" library="renode-keywords">
<msg timestamp="20260515 16:48:38.896" level="TRACE">Arguments: [  ]</msg>
<kw name="Set Default Uart Timeout" library="Remote">
<arg>${DEFAULT_UART_TIMEOUT}</arg>
<msg timestamp="20260515 16:48:38.897" level="TRACE">Arguments: [ '8' ]</msg>
<msg timestamp="20260515 16:48:38.932" level="TRACE">Return: ''</msg>
<status status="PASS" starttime="20260515 16:48:38.896" endtime="20260515 16:48:38.932"/>
</kw>
<if>
<branch type="IF" condition="${SAVE_LOGS}">
<kw name="Enable Logging To Cache" library="Remote">
<msg timestamp="20260515 16:48:38.933" level="TRACE">Arguments: [  ]</msg>
<msg timestamp="20260515 16:48:38.941" level="TRACE">Return: ''</msg>
<status status="PASS" starttime="20260515 16:48:38.932" endtime="20260515 16:48:38.941"/>
</kw>
<status status="PASS" starttime="20260515 16:48:38.932" endtime="20260515 16:48:38.941"/>
</branch>
<status status="PASS" starttime="20260515 16:48:38.932" endtime="20260515 16:48:38.941"/>
</if>
<kw name="Set Variable" library="BuiltIn">
<var>${allowed_chars}</var>
<arg>abcdefghijklmnopqrstuvwxyz01234567890_-</arg>
<doc>Returns the given values which can then be assigned to a variables.</doc>
<msg timestamp="20260515 16:48:38.942" level="TRACE">Arguments: [ 'abcdefghijklmnopqrstuvwxyz01234567890_-' ]</msg>
<msg timestamp="20260515 16:48:38.942" level="TRACE">Return: 'abcdefghijklmnopqrstuvwxyz01234567890_-'</msg>
<msg timestamp="20260515 16:48:38.942" level="INFO">${allowed_chars} = abcdefghijklmnopqrstuvwxyz01234567890_-</msg>
<status status="PASS" starttime="20260515 16:48:38.941" endtime="20260515 16:48:38.942"/>
</kw>
<kw name="Convert To Lower Case" library="String">
<var>${metrics_fname}</var>
<arg>${SUITE_NAME}</arg>
<doc>Converts string to lower case.</doc>
<msg timestamp="20260515 16:48:38.942" level="TRACE">Arguments: [ 'motor_pid_encoder' ]</msg>
<msg timestamp="20260515 16:48:38.942" level="TRACE">Return: 'motor_pid_encoder'</msg>
<msg timestamp="20260515 16:48:38.942" level="INFO">${metrics_fname} = motor_pid_encoder</msg>
<status status="PASS" starttime="20260515 16:48:38.942" endtime="20260515 16:48:38.942"/>
</kw>
<kw name="Replace String" library="String">
<var>${metrics_fname}</var>
<arg>${metrics_fname}</arg>
<arg>${SPACE}</arg>
<arg>_</arg>
<doc>Replaces ``search_for`` in the given ``string`` with ``replace_with``.</doc>
<msg timestamp="20260515 16:48:38.943" level="TRACE">Arguments: [ 'motor_pid_encoder' | ' ' | '_' ]</msg>
<msg timestamp="20260515 16:48:38.943" level="TRACE">Return: 'motor_pid_encoder'</msg>
<msg timestamp="20260515 16:48:38.943" level="INFO">${metrics_fname} = motor_pid_encoder</msg>
<status status="PASS" starttime="20260515 16:48:38.942" endtime="20260515 16:48:38.943"/>
</kw>
<kw name="Replace String Using Regexp" library="String">
<var>${metrics_fname}</var>
<arg>${metrics_fname}</arg>
<arg>[^${allowed_chars}]+</arg>
<arg>${EMPTY}</arg>
<doc>Replaces ``pattern`` in the given ``string`` with ``replace_with``.</doc>
<msg timestamp="20260515 16:48:38.944" level="TRACE">Arguments: [ 'motor_pid_encoder' | '[^abcdefghijklmnopqrstuvwxyz01234567890_-]+' | '' ]</msg>
<msg timestamp="20260515 16:48:38.944" level="TRACE">Return: 'motor_pid_encoder'</msg>
<msg timestamp="20260515 16:48:38.944" level="INFO">${metrics_fname} = motor_pid_encoder</msg>
<status status="PASS" starttime="20260515 16:48:38.943" endtime="20260515 16:48:38.944"/>
</kw>
<kw name="Join Path" library="OperatingSystem">
<var>${metrics_path}</var>
<arg>${RESULTS_DIRECTORY}</arg>
<arg>profiler-${metrics_fname}</arg>
<doc>Joins the given path part(s) to the given base path.</doc>
<msg timestamp="20260515 16:48:38.945" level="TRACE">Arguments: [ '/app/' | 'profiler-motor_pid_encoder' ]</msg>
<msg timestamp="20260515 16:48:38.945" level="TRACE">Return: '/app/profiler-motor_pid_encoder'</msg>
<msg timestamp="20260515 16:48:38.945" level="INFO">${metrics_path} = /app/profiler-motor_pid_encoder</msg>
<status status="PASS" starttime="20260515 16:48:38.944" endtime="20260515 16:48:38.945"/>
</kw>
<if>
<branch type="IF" condition="${CREATE_EXECUTION_METRICS}">
<kw name="Execute Command" library="Remote">
<arg>EnableProfilerGlobally "${metrics_path}"</arg>
<status status="NOT RUN" starttime="20260515 16:48:38.945" endtime="20260515 16:48:38.945"/>
</kw>
<status status="NOT RUN" starttime="20260515 16:48:38.945" endtime="20260515 16:48:38.946"/>
</branch>
<status status="PASS" starttime="20260515 16:48:38.945" endtime="20260515 16:48:38.946"/>
</if>
<kw name="Reset Emulation" library="Remote">
<msg timestamp="20260515 16:48:38.946" level="TRACE">Arguments: [  ]</msg>
<msg timestamp="20260515 16:48:38.970" level="TRACE">Return: ''</msg>
<status status="PASS" starttime="20260515 16:48:38.946" endtime="20260515 16:48:38.970"/>
</kw>
<msg timestamp="20260515 16:48:38.970" level="TRACE">Return: None</msg>
<status status="PASS" starttime="20260515 16:48:38.896" endtime="20260515 16:48:38.970"/>
</kw>
<msg timestamp="20260515 16:48:38.970" level="TRACE">Return: None</msg>
<status status="PASS" starttime="20260515 16:48:38.422" endtime="20260515 16:48:38.970"/>
</kw>
<test id="s1-t1" name="Should Stabilize Speed And Handle Load In PID Loop" line="14">
<kw name="Reset Emulation" library="Remote" type="SETUP">
<msg timestamp="20260515 16:48:38.971" level="TRACE">Arguments: [  ]</msg>
<msg timestamp="20260515 16:48:38.971" level="DEBUG">Test timeout 3 minutes active. 179.999 seconds left.</msg>
<msg timestamp="20260515 16:48:38.976" level="TRACE">Return: ''</msg>
<status status="PASS" starttime="20260515 16:48:38.971" endtime="20260515 16:48:38.976"/>
</kw>
<kw name="Create Machine">
<msg timestamp="20260515 16:48:38.977" level="TRACE">Arguments: [  ]</msg>
<kw name="Execute Command" library="Remote">
<arg>$global.TEST_FILE = @${FIRMWARE}</arg>
<msg timestamp="20260515 16:48:38.977" level="TRACE">Arguments: [ '$global.TEST_FILE = @/app/test/../examples/motor_pid_encoder/.pio/build/seeed-xiao-rp2040/firmware.elf' ]</msg>
<msg timestamp="20260515 16:48:38.977" level="DEBUG">Test timeout 3 minutes active. 179.994 seconds left.</msg>
<msg timestamp="20260515 16:48:39.021" level="TRACE">Return: ''</msg>
<status status="PASS" starttime="20260515 16:48:38.977" endtime="20260515 16:48:39.021"/>
</kw>
<kw name="Execute Script" library="Remote">
<arg>${RESC}</arg>
<msg timestamp="20260515 16:48:39.021" level="TRACE">Arguments: [ '/app/test/../examples/motor_pid_encoder/motor_encoder.resc' ]</msg>
<msg timestamp="20260515 16:48:39.021" level="DEBUG">Test timeout 3 minutes active. 179.949 seconds left.</msg>
<msg timestamp="20260515 16:48:59.943" level="TRACE">Return: "Current 'PATH' value is: /app/test/renode-config;/opt/renode/bin;/opt/renode\n\n"</msg>
<status status="PASS" starttime="20260515 16:48:39.021" endtime="20260515 16:48:59.943"/>
</kw>
<kw name="Create Terminal Tester" library="Remote">
<arg>${UART}</arg>
<msg timestamp="20260515 16:48:59.943" level="TRACE">Arguments: [ 'sysbus.uart0' ]</msg>
<msg timestamp="20260515 16:48:59.944" level="DEBUG">Test timeout 3 minutes active. 159.027 seconds left.</msg>
<msg timestamp="20260515 16:48:59.956" level="TRACE">Return: 0</msg>
<status status="PASS" starttime="20260515 16:48:59.943" endtime="20260515 16:48:59.956"/>
</kw>
<msg timestamp="20260515 16:48:59.957" level="TRACE">Return: None</msg>
<status status="PASS" starttime="20260515 16:48:38.976" endtime="20260515 16:48:59.957"/>
</kw>
<kw name="Start Emulation" library="Remote">
<msg timestamp="20260515 16:48:59.957" level="TRACE">Arguments: [  ]</msg>
<msg timestamp="20260515 16:48:59.957" level="DEBUG">Test timeout 3 minutes active. 159.014 seconds left.</msg>
<msg timestamp="20260515 16:49:00.114" level="TRACE">Return: ''</msg>
<status status="PASS" starttime="20260515 16:48:59.957" endtime="20260515 16:49:00.114"/>
</kw>
<kw name="Wait For Line On Uart" library="Remote">
<arg>Motor PID Encoder Example Started