<?xml version="1.0" encoding="UTF-8"?>
<robot generator="Robot 7.4.2 (Python 3.12.13 on linux)" generated="2026-07-10T22:14:18.724531" rpa="false" schemaversion="5">
<suite id="s1" name="bemf_loop" source="/app/test/bemf_loop.robot">
<kw name="Setup" owner="renode-keywords" type="SETUP">
<msg time="2026-07-10T22:14:18.925538" level="TRACE">Arguments: [  ]</msg>
<kw name="Evaluate" owner="BuiltIn">
<msg time="2026-07-10T22:14:18.929183" level="TRACE">Arguments: [ 'platform.system()' | modules='platform' ]</msg>
<msg time="2026-07-10T22:14:18.929427" level="TRACE">Return: 'Linux'</msg>
<msg time="2026-07-10T22:14:18.929548" level="INFO">${SYSTEM} = Linux</msg>
<var>${SYSTEM}</var>
<arg>platform.system()</arg>
<arg>modules=platform</arg>
<doc>Evaluates the given expression in Python and returns the result.</doc>
<status status="PASS" start="2026-07-10T22:14:18.926302" elapsed="0.003282"/>
</kw>
<kw name="Set Variable If" owner="BuiltIn">
<msg time="2026-07-10T22:14:18.932897" level="TRACE">Arguments: [ 'not True and False' | 'Debug' | '${CONFIGURATION}' ]</msg>
<msg time="2026-07-10T22:14:18.933578" level="TRACE">Return: 'Release'</msg>
<msg time="2026-07-10T22:14:18.933737" level="INFO">${CONFIGURATION} = Release</msg>
<var>${CONFIGURATION}</var>
<arg>not ${SKIP_RUNNING_SERVER} and ${SERVER_REMOTE_DEBUG}</arg>
<arg>Debug</arg>
<arg>${CONFIGURATION}</arg>
<doc>Sets variable based on the given condition.</doc>
<status status="PASS" start="2026-07-10T22:14:18.930965" elapsed="0.002829"/>
</kw>
<kw name="Create List" owner="BuiltIn">
<msg time="2026-07-10T22:14:18.934288" level="TRACE">Arguments: [ '--robot-server-port' | '49153' | '--hide-log' ]</msg>
<msg time="2026-07-10T22:14:18.934386" level="TRACE">Return: ['--robot-server-port', '49153', '--hide-log']</msg>
<msg time="2026-07-10T22:14:18.934513" level="INFO">@{PARAMS} = [ --robot-server-port | 49153 | --hide-log ]</msg>
<var>@{PARAMS}</var>
<arg>--robot-server-port</arg>
<arg>${PORT_NUMBER}</arg>
<arg>--hide-log</arg>
<doc>Returns a list containing given items.</doc>
<status status="PASS" start="2026-07-10T22:14:18.933971" elapsed="0.000575"/>
</kw>
<if>
<branch type="IF" condition="${DISABLE_GUI}">
<kw name="Insert Into List" owner="Collections">
<arg>${PARAMS}</arg>
<arg>0</arg>
<arg>--disable-gui</arg>
<doc>Inserts ``value`` into ``list`` to the position specified with ``index``.</doc>
<status status="NOT RUN" start="2026-07-10T22:14:18.935089" elapsed="0.000029"/>
</kw>
<status status="NOT RUN" start="2026-07-10T22:14:18.934817" elapsed="0.000353"/>
</branch>
<status status="PASS" start="2026-07-10T22:14:18.934646" elapsed="0.000563"/>
</if>
<if>
<branch type="IF" condition="not ${SKIP_RUNNING_SERVER}">
<kw name="File Should Exist" owner="OperatingSystem">
<arg>${DIRECTORY}/${BINARY_NAME}</arg>
<arg>msg=Robot Framework remote server binary not found (${DIRECTORY}/${BINARY_NAME}). Did you forget to build it in ${CONFIGURATION} configuration?</arg>
<doc>Fails unless the given ``path`` points to an existing file.</doc>
<status status="NOT RUN" start="2026-07-10T22:14:18.935520" elapsed="0.000026"/>
</kw>
<status status="NOT RUN" start="2026-07-10T22:14:18.935299" elapsed="0.000293"/>
</branch>
<status status="PASS" start="2026-07-10T22:14:18.935274" elapsed="0.000349"/>
</if>
<if>
<branch type="IF" condition="not ${SKIP_RUNNING_SERVER} and not ${SERVER_REMOTE_DEBUG} and not '${SYSTEM}' == 'Windows' and not ${NET_PLATFORM}">
<kw name="Start Process" owner="Process">
<arg>mono</arg>
<arg>${BINARY_NAME}</arg>
<arg>@{PARAMS}</arg>
<arg>cwd=${DIRECTORY}</arg>
<doc>Starts a new process on background.</doc>
<status status="NOT RUN" start="2026-07-10T22:14:18.936124" elapsed="0.000028"/>
</kw>
<status status="NOT RUN" start="2026-07-10T22:14:18.935743" elapsed="0.000461"/>
</branch>
<status status="PASS" start="2026-07-10T22:14:18.935676" elapsed="0.000563"/>
</if>
<if>
<branch type="IF" condition="not ${SKIP_RUNNING_SERVER} and not ${SERVER_REMOTE_DEBUG} and '${SYSTEM}' == 'Windows'">
<kw name="Start Process" owner="Process">
<arg>${BINARY_NAME}</arg>
<arg>@{PARAMS}</arg>
<arg>cwd=${DIRECTORY}</arg>
<arg>shell=true</arg>
<doc>Starts a new process on background.</doc>
<status status="NOT RUN" start="2026-07-10T22:14:18.936599" elapsed="0.000026"/>
</kw>
<status status="NOT RUN" start="2026-07-10T22:14:18.936317" elapsed="0.000357"/>
</branch>
<status status="PASS" start="2026-07-10T22:14:18.936295" elapsed="0.000468"/>
</if>
<if>
<branch type="IF" condition="not ${SKIP_RUNNING_SERVER} and not ${SERVER_REMOTE_DEBUG} and ${NET_PLATFORM}">
<kw name="Start Process" owner="Process">
<arg>dotnet ${BINARY_NAME}</arg>
<arg>@{PARAMS}</arg>
<arg>cwd=${DIRECTORY}</arg>
<arg>shell=true</arg>
<doc>Starts a new process on background.</doc>
<status status="NOT RUN" start="2026-07-10T22:14:18.937159" elapsed="0.000026"/>
</kw>
<status status="NOT RUN" start="2026-07-10T22:14:18.936858" elapsed="0.000377"/>
</branch>
<status status="PASS" start="2026-07-10T22:14:18.936835" elapsed="0.000431"/>
</if>
<if>
<branch type="IF" condition="not ${SKIP_RUNNING_SERVER} and ${SERVER_REMOTE_DEBUG} and not '${SYSTEM}' == 'Windows' and not ${NET_PLATFORM}">
<kw name="Start Process" owner="Process">
<arg>mono</arg>
<arg>--debug</arg>
<arg>--debugger-agent\=transport\=dt_socket,address\=0.0.0.0:${SERVER_REMOTE_PORT},server\=y,suspend\=${SERVER_REMOTE_SUSPEND}</arg>
<arg>${BINARY_NAME}</arg>
<arg>@{PARAMS}</arg>
<arg>cwd=${DIRECTORY}</arg>
<doc>Starts a new process on background.</doc>
<status status="NOT RUN" start="2026-07-10T22:14:18.937647" elapsed="0.000026"/>
</kw>
<status status="NOT RUN" start="2026-07-10T22:14:18.937339" elapsed="0.000456"/>
</branch>
<status status="PASS" start="2026-07-10T22:14:18.937319" elapsed="0.000513"/>
</if>
<if>
<branch type="IF" condition="not ${SKIP_RUNNING_SERVER} and ${SERVER_REMOTE_DEBUG} and '${SYSTEM}' == 'Windows'">
<kw name="Fatal Error" owner="BuiltIn">
<arg>Windows doesn't support server remote debug option.</arg>
<doc>Stops the whole test execution.</doc>
<status status="NOT RUN" start="2026-07-10T22:14:18.938217" elapsed="0.000027"/>
</kw>
<status status="NOT RUN" start="2026-07-10T22:14:18.937912" elapsed="0.000376"/>
</branch>
<status status="PASS" start="2026-07-10T22:14:18.937890" elapsed="0.000429"/>
</if>
<if>
<branch type="IF" condition="not '${SYSTEM}' == 'Windows'">
<kw name="Wait Until Keyword Succeeds" owner="BuiltIn">
<msg time="2026-07-10T22:14:18.939068" level="TRACE">Arguments: [ '60s' | '1s' | 'Import Library' | 'Remote' | 'http://127.0.0.1:${PORT_NUMBER}/' ]</msg>
<kw name="Import Library" owner="BuiltIn">
<msg time="2026-07-10T22:14:18.940442" level="TRACE">Arguments: [ 'Remote' | 'http://127.0.0.1:${PORT_NUMBER}/' ]</msg>
<msg time="2026-07-10T22:14:19.679314" level="TRACE">Return: None</msg>
<arg>Remote</arg>
<arg>http://127.0.0.1:${PORT_NUMBER}/</arg>
<doc>Imports a library with the given name and optional arguments.</doc>
<status status="PASS" start="2026-07-10T22:14:18.939384" elapsed="0.740036"/>
</kw>
<msg time="2026-07-10T22:14:19.679496" level="TRACE">Return: None</msg>
<arg>60s</arg>
<arg>1s</arg>
<arg>Import Library</arg>
<arg>Remote</arg>
<arg>http://127.0.0.1:${PORT_NUMBER}/</arg>
<doc>Runs the specified keyword and retries if it fails.</doc>
<status status="PASS" start="2026-07-10T22:14:18.938616" elapsed="0.740925"/>
</kw>
<status status="PASS" start="2026-07-10T22:14:18.938392" elapsed="0.741202"/>
</branch>
<status status="PASS" start="2026-07-10T22:14:18.938371" elapsed="0.741326"/>
</if>
<if>
<branch type="IF" condition="'${SYSTEM}' == 'Windows'">
<kw name="Wait Until Keyword Succeeds" owner="BuiltIn">
<arg>60s</arg>
<arg>1s</arg>
<arg>Import Library</arg>
<arg>Remote</arg>
<arg>http://localhost:${PORT_NUMBER}/</arg>
<doc>Runs the specified keyword and retries if it fails.</doc>
<status status="NOT RUN" start="2026-07-10T22:14:19.680510" elapsed="0.000039"/>
</kw>
<status status="NOT RUN" start="2026-07-10T22:14:19.679810" elapsed="0.000805"/>
</branch>
<status status="PASS" start="2026-07-10T22:14:19.679779" elapsed="0.000922"/>
</if>
<kw name="Setup Renode" owner="renode-keywords">
<msg time="2026-07-10T22:14:19.681416" level="TRACE">Arguments: [  ]</msg>
<kw name="Set Default Uart Timeout" owner="Remote">
<msg time="2026-07-10T22:14:19.682315" level="TRACE">Arguments: [ '8' ]</msg>
<msg time="2026-07-10T22:14:19.723398" level="TRACE">Return: ''</msg>
<arg>${DEFAULT_UART_TIMEOUT}</arg>
<status status="PASS" start="2026-07-10T22:14:19.682149" elapsed="0.041352"/>
</kw>
<if>
<branch type="IF" condition="${SAVE_LOGS}">
<kw name="Enable Logging To Cache" owner="Remote">
<msg time="2026-07-10T22:14:19.724765" level="TRACE">Arguments: [  ]</msg>
<msg time="2026-07-10T22:14:19.733823" level="TRACE">Return: ''</msg>
<status status="PASS" start="2026-07-10T22:14:19.724607" elapsed="0.009314"/>
</kw>
<status status="PASS" start="2026-07-10T22:14:19.724082" elapsed="0.009894"/>
</branch>
<status status="PASS" start="2026-07-10T22:14:19.724025" elapsed="0.009994"/>
</if>
<kw name="Set Variable" owner="BuiltIn">
<msg time="2026-07-10T22:14:19.734506" level="TRACE">Arguments: [ 'abcdefghijklmnopqrstuvwxyz01234567890_-' ]</msg>
<msg time="2026-07-10T22:14:19.734598" level="TRACE">Return: 'abcdefghijklmnopqrstuvwxyz01234567890_-'</msg>
<msg time="2026-07-10T22:14:19.734837" level="INFO">${allowed_chars} = abcdefghijklmnopqrstuvwxyz01234567890_-</msg>
<var>${allowed_chars}</var>
<arg>abcdefghijklmnopqrstuvwxyz01234567890_-</arg>
<doc>Returns the given values which can then be assigned to a variables.</doc>
<status status="PASS" start="2026-07-10T22:14:19.734193" elapsed="0.000692"/>
</kw>
<kw name="Convert To Lower Case" owner="String">
<msg time="2026-07-10T22:14:19.735219" level="TRACE">Arguments: [ 'bemf_loop' ]</msg>
<msg time="2026-07-10T22:14:19.735305" level="TRACE">Return: 'bemf_loop'</msg>
<msg time="2026-07-10T22:14:19.736123" level="INFO">${metrics_fname} = bemf_loop</msg>
<var>${metrics_fname}</var>
<arg>${SUITE_NAME}</arg>
<doc>Converts string to lower case.</doc>
<status status="PASS" start="2026-07-10T22:14:19.735052" elapsed="0.001139"/>
</kw>
<kw name="Replace String" owner="String">
<msg time="2026-07-10T22:14:19.736567" level="TRACE">Arguments: [ 'bemf_loop' | ' ' | '_' ]</msg>
<msg time="2026-07-10T22:14:19.736736" level="TRACE">Return: 'bemf_loop'</msg>
<msg time="2026-07-10T22:14:19.737151" level="INFO">${metrics_fname} = bemf_loop</msg>
<var>${metrics_fname}</var>
<arg>${metrics_fname}</arg>
<arg>${SPACE}</arg>
<arg>_</arg>
<doc>Replaces ``search_for`` in the given ``string`` with ``replace_with``.</doc>
<status status="PASS" start="2026-07-10T22:14:19.736349" elapsed="0.000846"/>
</kw>
<kw name="Replace String Using Regexp" owner="String">
<msg time="2026-07-10T22:14:19.738423" level="TRACE">Arguments: [ 'bemf_loop' | '[^abcdefghijklmnopqrstuvwxyz01234567890_-]+' | '' ]</msg>
<msg time="2026-07-10T22:14:19.739051" level="TRACE">Return: 'bemf_loop'</msg>
<msg time="2026-07-10T22:14:19.739168" level="INFO">${metrics_fname} = bemf_loop</msg>
<var>${metrics_fname}</var>
<arg>${metrics_fname}</arg>
<arg>[^${allowed_chars}]+</arg>
<arg>${EMPTY}</arg>
<doc>Replaces ``pattern`` in the given ``string`` with ``replace_with``.</doc>
<status status="PASS" start="2026-07-10T22:14:19.737358" elapsed="0.001843"/>
</kw>
<kw name="Join Path" owner="OperatingSystem">
<msg time="2026-07-10T22:14:19.739546" level="TRACE">Arguments: [ '/app/' | 'profiler-bemf_loop' ]</msg>
<msg time="2026-07-10T22:14:19.739712" level="TRACE">Return: '/app/profiler-bemf_loop'</msg>
<msg time="2026-07-10T22:14:19.739811" level="INFO">${metrics_path} = /app/profiler-bemf_loop</msg>
<var>${metrics_path}</var>
<arg>${RESULTS_DIRECTORY}</arg>
<arg>profiler-${metrics_fname}</arg>
<doc>Joins the given path part(s) to the given base path.</doc>
<status status="PASS" start="2026-07-10T22:14:19.739360" elapsed="0.000482"/>
</kw>
<if>
<branch type="IF" condition="${CREATE_EXECUTION_METRICS}">
<kw name="Execute Command" owner="Remote">
<arg>EnableProfilerGlobally "${metrics_path}"</arg>
<status status="NOT RUN" start="2026-07-10T22:14:19.740210" elapsed="0.000028"/>
</kw>
<status status="NOT RUN" start="2026-07-10T22:14:19.739966" elapsed="0.000312"/>
</branch>
<status status="PASS" start="2026-07-10T22:14:19.739935" elapsed="0.000377"/>
</if>
<kw name="Reset Emulation" owner="Remote">
<msg time="2026-07-10T22:14:19.740492" level="TRACE">Arguments: [  ]</msg>
<msg time="2026-07-10T22:14:19.766849" level="TRACE">Return: ''</msg>
<status status="PASS" start="2026-07-10T22:14:19.740430" elapsed="0.026520"/>
</kw>
<msg time="2026-07-10T22:14:19.767043" level="TRACE">Return: None</msg>
<status status="PASS" start="2026-07-10T22:14:19.681064" elapsed="0.086029"/>
</kw>
<msg time="2026-07-10T22:14:19.767156" level="TRACE">Return: None</msg>
<status status="PASS" start="2026-07-10T22:14:18.925346" elapsed="0.841856"/>
</kw>
<test id="s1-t1" name="Verify bEMF Loop" line="13">
<kw name="Reset Emulation" owner="Remote" type="SETUP">
<msg time="2026-07-10T22:14:19.771262" level="TRACE">Arguments: [  ]</msg>
<msg time="2026-07-10T22:14:19.775409" level="TRACE">Return: ''</msg>
<status status="PASS" start="2026-07-10T22:14:19.771170" elapsed="0.004322"/>
</kw>
<kw name="Execute Command" owner="Remote">
<msg time="2026-07-10T22:14:19.775920" level="TRACE">Arguments: [ '$global.TEST_FILE = @/app/examples/bemf_loop/.pio/build/seeed-xiao-rp2040/firmware.elf' ]</msg>
<msg time="2026-07-10T22:14:19.818228" level="TRACE">Return: ''</msg>
<arg>$global.TEST_FILE = @${FIRMWARE}</arg>
<status status="PASS" start="2026-07-10T22:14:19.775726" elapsed="0.042625"/>
</kw>
<kw name="Execute Script" owner="Remote">
<msg time="2026-07-10T22:14:19.818840" level="TRACE">Arguments: [ '/app/test/../examples/bemf_loop/bemf_example.resc' ]</msg>
<msg time="2026-07-10T22:15:01.802879" level="TRACE">Return: "Current 'PATH' value is: /app/test/renode-config;/opt/renode/bin;/opt/renode\n\n"</msg>
<arg>${RESC}</arg>
<status status="PASS" start="2026-07-10T22:14:19.818569" elapsed="41.984487"/>
</kw>
<kw name="Create Terminal Tester" owner="Remote">
<msg time="2026-07-10T22:15:01.803610" level="TRACE">Arguments: [ 'sysbus.uart0' ]</msg>
<msg time="2026-07-10T22:15:01.821921" level="TRACE">Return: 0</msg>
<arg>${UART}</arg>
<status status="PASS" start="2026-07-10T22:15:01.803354" elapsed="0.018685"/>
</kw>
<kw name="Wait For Line On Uart" owner="Remote">
<msg time="2026-07-10T22:15:01.822458" level="TRACE">Arguments: [ 'Bidirectional bEMF Loop Example Started' | 'timeout=60' ]</msg>
<msg time="2026-07-10T22:15:04.527285" level="TRACE">Return: {'Line': 'Bidirectional bEMF Loop Example Started',
 'Timestamp': 133.61965,
 'Groups': [],
 'IsFailingString': False}</msg>
<arg>Bidirectional bEMF Loop Example Started</arg>
<arg>timeout=60</arg>
<status status="PASS" start="2026-07-10T22:15:01.822278" elapsed="2.705202"/>
</kw>
<kw name="Wait For Line On Uart" owner="Remote">
<msg time="2026-07-10T22:15:04.527849" level="TRACE">Arguments: [ 'DIR:F DUTY:100' | 'timeout=30' ]</msg>
<msg time="2026-07-10T22:15:04.581938" level="TRACE">Return: {'Line': 'DIR:F DUTY:100 bEMF_A:0 bEMF_B:0 SHUT:0',
 'Timestamp': 133.8,
 'Groups': [],
 'IsFailingString': False}</msg>
<arg>DIR:F DUTY:100</arg>
<arg>timeout=30</arg>
<status status="PASS" start="2026-07-10T22:15:04.527719" elapsed="0.054444"/>
</kw>
<kw name="Wait For Line On Uart" owner="Remote">
<msg time="2026-07-10T22:15:04.582545" level="TRACE">Arguments: [ 'DIR:F DUTY:200' | 'timeout=120' ]</msg>
<msg time="2026-07-10T22:15:27.943574" level="TRACE">Return: {'Line': 'DIR:F DUTY:200 bEMF_A:4095 bEMF_B:0 SHUT:0',
 'Timestamp': 1043.1,
 'Groups': [],
 'IsFailingString': False}</msg>
<arg>DIR:F DUTY:200</arg>
<arg>timeout=120</arg>
<status status="PASS" start="2026-07-10T22:15:04.582412" elapsed="23.361402"/>
</kw>
<kw name="Wait For Line On Uart" owner="Remote">
<msg time="2026-07-10T22:15:27.944277" level="TRACE">Arguments: [ 'bEMF_A:[1-9][0-9]*' | 'timeout=60' | 'treatAsRegex=true' ]</msg>
<msg time="2026-07-10T22:15:30.228924" level="TRACE">Return: {'Line': 'DIR:F DUTY:210 bEMF_A:4095 bEMF_B:0 SHUT:0',
 'Timestamp': 1144.1,
 'Groups': [],
 'IsFailingString': False}</msg>
<arg>bEMF_A:[1-9][0-9]*</arg>
<arg>timeout=60</arg>
<arg>treatAsRegex=true</arg>
<status status="PASS" start="2026-07-10T22:15:27.944107" elapsed="2.284999"/>
</kw>
<kw name="Wait For Line On Uart" owner="Remote">